<?xml version="1.0" encoding="utf-8"?><testsuites name="pytest tests"><testsuite name="pytest" errors="0" failures="1" skipped="0" tests="2" time="1.271" timestamp="2026-09-17T18:09:08.832476+00:00" hostname="agent-env-c0d8cf10-2737-42b4-81e4-253428da8950"><testcase classname="tests.test_ne_logix_api" name="test_overview_contract" time="0.200"><failure message="AssertionError: assert 6 == 5&#10; +  where 6 = len([{'state': 'Assam', 'type': 'Landslide', 'severity': 'High', 'time': 'just now', ...}, {'state': 'Assam', 'type': 'Flooding', 'severity': 'High', 'time': '12 min ago', ...}, {'state': 'Manipur', 'type': 'Bridge collapse', 'severity': 'High', 'time': '28 min ago', ...}, {'state': 'Meghalaya', 'type': 'Landslide', 'severity': 'Medium', 'time': '41 min ago', ...}, {'state': 'Nagaland', 'type': 'Road damage', 'severity': 'Medium', 'time': '1h ago', ...}, {'state': 'Mizoram', 'type': 'Vehicle breakdown', 'severity': 'Low', 'time': '2h ago', ...}])">backend/tests/test_ne_logix_api.py:14: in test_overview_contract
    assert len(data["incidents"]) == 5
E   AssertionError: assert 6 == 5
E    +  where 6 = len([{'state': 'Assam', 'type': 'Landslide', 'severity': 'High', 'time': 'just now', ...}, {'state': 'Assam', 'type': 'Flooding', 'severity': 'High', 'time': '12 min ago', ...}, {'state': 'Manipur', 'type': 'Bridge collapse', 'severity': 'High', 'time': '28 min ago', ...}, {'state': 'Meghalaya', 'type': 'Landslide', 'severity': 'Medium', 'time': '41 min ago', ...}, {'state': 'Nagaland', 'type': 'Road damage', 'severity': 'Medium', 'time': '1h ago', ...}, {'state': 'Mizoram', 'type': 'Vehicle breakdown', 'severity': 'Low', 'time': '2h ago', ...}])</failure></testcase><testcase classname="tests.test_ne_logix_api" name="test_field_report_spikes_risk_and_reroutes_vehicle" time="0.550" /></testsuite></testsuites>