<?xml version="1.0" encoding="utf-8"?><testsuites name="pytest tests"><testsuite name="pytest" errors="0" failures="0" skipped="0" tests="4" time="2.066" timestamp="2026-09-18T11:12:32.304443+00:00" hostname="agent-env-c0d8cf10-2737-42b4-81e4-253428da8950"><testcase classname="tests.test_ne_logix_api" name="test_overview_contract" time="0.304" /><testcase classname="tests.test_ne_logix_api" name="test_field_report_spikes_risk_and_reroutes_vehicle" time="0.405" /><testcase classname="tests.test_ne_logix_api" name="test_root" time="0.133" /><testcase classname="tests.test_ne_logix_api" name="test_switch_route_valid_and_invalid" time="0.718" /></testsuite></testsuites>