<?xml version="1.0" encoding="utf-8"?><testsuites name="pytest tests"><testsuite name="pytest" errors="0" failures="0" skipped="0" tests="7" time="2.621" timestamp="2026-09-18T11:23:22.029036+00:00" hostname="agent-env-c0d8cf10-2737-42b4-81e4-253428da8950"><testcase classname="tests.test_ne_logix_api" name="test_root" time="0.315" /><testcase classname="tests.test_ne_logix_api" name="test_overview_contract" time="0.143" /><testcase classname="tests.test_ne_logix_api" name="test_overview_calibration_is_real_xgb" time="0.148" /><testcase classname="tests.test_ne_logix_api" name="test_overview_routes_have_calibrated_risk" time="0.124" /><testcase classname="tests.test_ne_logix_api" name="test_field_report_spikes_risk_and_reroutes_vehicle" time="0.456" /><testcase classname="tests.test_ne_logix_api" name="test_meghalaya_high_severity_report_calibrated_risk_not_lower" time="0.257" /><testcase classname="tests.test_ne_logix_api" name="test_switch_route_valid_and_invalid" time="0.684" /></testsuite></testsuites>